<?xml version="1.0" encoding="UTF-8"?>
<testng-results ignored="0" total="1" passed="1" failed="0" skipped="0">
  <reporter-output>
  </reporter-output>
  <suite started-at="2023-02-24T22:46:56 IST" name="Default suite" finished-at="2023-02-24T22:47:50 IST" duration-ms="53771">
    <groups>
    </groups>
    <test started-at="2023-02-24T22:46:56 IST" name="Default test" finished-at="2023-02-24T22:47:50 IST" duration-ms="53771">
      <class name="scripts.profile.AmazonProfileScript">
        <test-method is-config="true" signature="beforeMethod()[pri:0, instance:scripts.profile.AmazonProfileScript@4d465b11]" started-at="2023-02-24T22:46:57 IST" name="beforeMethod" finished-at="2023-02-24T22:46:57 IST" duration-ms="3" status="PASS">
          <reporter-output>
          </reporter-output>
        </test-method> <!-- beforeMethod -->
        <test-method signature="purchaseItems()[pri:0, instance:scripts.profile.AmazonProfileScript@4d465b11]" started-at="2023-02-24T22:46:57 IST" name="purchaseItems" finished-at="2023-02-24T22:47:33 IST" duration-ms="36959" status="PASS">
          <reporter-output>
          </reporter-output>
        </test-method> <!-- purchaseItems -->
        <test-method is-config="true" signature="afterMethod()[pri:0, instance:scripts.profile.AmazonProfileScript@4d465b11]" started-at="2023-02-24T22:47:33 IST" name="afterMethod" finished-at="2023-02-24T22:47:50 IST" duration-ms="16779" status="PASS">
          <reporter-output>
          </reporter-output>
        </test-method> <!-- afterMethod -->
      </class> <!-- scripts.profile.AmazonProfileScript -->
    </test> <!-- Default test -->
  </suite> <!-- Default suite -->
</testng-results>
