<?xml version="1.0" encoding="UTF-8"?>
<testng-results ignored="0" total="1" passed="1" failed="0" skipped="0">
  <reporter-output>
  </reporter-output>
  <suite started-at="2023-04-24T15:06:45 IST" name="Command line suite" finished-at="2023-04-24T15:06:45 IST" duration-ms="17">
    <groups>
    </groups>
    <test started-at="2023-04-24T15:06:45 IST" name="Command line test" finished-at="2023-04-24T15:06:45 IST" duration-ms="17">
      <class name="scripts.GoogleScript">
        <test-method is-config="true" signature="beforeSuite()[pri:0, instance:scripts.GoogleScript@29626d54]" started-at="2023-04-24T15:06:42 IST" name="beforeSuite" finished-at="2023-04-24T15:06:45 IST" duration-ms="3126" status="PASS">
          <reporter-output>
          </reporter-output>
        </test-method> <!-- beforeSuite -->
        <test-method signature="test()[pri:0, instance:scripts.GoogleScript@29626d54]" started-at="2023-04-24T15:06:45 IST" name="test" finished-at="2023-04-24T15:06:45 IST" duration-ms="0" status="PASS">
          <reporter-output>
          </reporter-output>
        </test-method> <!-- test -->
        <test-method is-config="true" signature="afterSuite()[pri:0, instance:scripts.GoogleScript@29626d54]" started-at="2023-04-24T15:06:45 IST" name="afterSuite" finished-at="2023-04-24T15:06:46 IST" duration-ms="660" status="PASS">
          <reporter-output>
          </reporter-output>
        </test-method> <!-- afterSuite -->
      </class> <!-- scripts.GoogleScript -->
    </test> <!-- Command line test -->
  </suite> <!-- Command line suite -->
</testng-results>
